<?xml version="1.0" encoding="UTF-8" ?>
<testsuite errors="0" failures="0" hostname="cart38" name="eu.cartsc.fermate.servlet.ServletListenerTest" tests="4" time="1.975" timestamp="2013-01-10T15:36:47">
  <properties>
[...]
</properties>
  <testcase classname="eu.cartsc.fermate.servlet.ServletListenerTest" name="testServletListener" time="0.0060"></testcase>
  <testcase classname="eu.cartsc.fermate.servlet.ServletListenerTest" name="testDoGetHttpServletRequestHttpServletResponse" time="0.0"></testcase>
  <testcase classname="eu.cartsc.fermate.servlet.ServletListenerTest" name="testsyncsave" time="0.021"></testcase>
  <testcase classname="eu.cartsc.fermate.servlet.ServletListenerTest" name="testAttachDirty" time="1.679"></testcase>
  <system-out><![CDATA[ INFO [main] (Configuration) 10 gen 2013 16:36:47,599 - configuring from resource: /eu/cartsc/fermate/db/cfg/hibernate.cfg.xml
 INFO [main] (Configuration) 10 gen 2013 16:36:47,602 - Configuration resource: /eu/cartsc/fermate/db/cfg/hibernate.cfg.xml
 INFO [main] (Configuration) 10 gen 2013 16:36:47,842 - Configured SessionFactory: null
 INFO [main] (ConnectionFactory) 10 gen 2013 16:36:47,844 - il percorso del db è /eu/cartsc/fermate/properties/connessione.properties
 INFO [main] (HibernateSessionFactory) 10 gen 2013 16:36:47,845 - configuration.getProperty('hibernate.connection.url'): jdbc:mysql://cart38:3306/fermate
 INFO [main] (HibernateSessionFactory) 10 gen 2013 16:36:47,846 - configuration.getProperty('hibernate.connection.username'): root
 INFO [main] (HibernateSessionFactory) 10 gen 2013 16:36:47,847 - configuration.getProperty('hibernate.connection.password'): liera
 INFO [main] (HibernateSessionFactory) 10 gen 2013 16:36:47,847 - configuration.getProperty('hibernate.dialect'): org.hibernate.dialect.MySQLDialect
 INFO [main] (HibernateSessionFactory) 10 gen 2013 16:36:47,848 - configuration.getProperty('hibernate.connection.driver_class'): com.mysql.jdbc.Driver
 INFO [main] (AnnotationBinder) 10 gen 2013 16:36:47,931 - Binding entity from annotated class: eu.cartsc.fermate.db.Fermate
 INFO [main] (EntityBinder) 10 gen 2013 16:36:47,970 - Bind entity eu.cartsc.fermate.db.Fermate on table fermate
 INFO [main] (AnnotationBinder) 10 gen 2013 16:36:48,026 - Binding entity from annotated class: eu.cartsc.fermate.db.Operatore
 INFO [main] (EntityBinder) 10 gen 2013 16:36:48,027 - Bind entity eu.cartsc.fermate.db.Operatore on table operatore
 INFO [main] (Version) 10 gen 2013 16:36:48,036 - Hibernate Validator 3.1.0.GA
 INFO [main] (DriverManagerConnectionProvider) 10 gen 2013 16:36:48,113 - Using Hibernate built-in connection pool (not for production use!)
 INFO [main] (DriverManagerConnectionProvider) 10 gen 2013 16:36:48,114 - Hibernate connection pool size: 20
 INFO [main] (DriverManagerConnectionProvider) 10 gen 2013 16:36:48,115 - autocommit mode: false
 INFO [main] (DriverManagerConnectionProvider) 10 gen 2013 16:36:48,122 - using driver: com.mysql.jdbc.Driver at URL: jdbc:mysql://cart38:3306/fermate
 INFO [main] (DriverManagerConnectionProvider) 10 gen 2013 16:36:48,123 - connection properties: {user=root, password=****}
 INFO [main] (SettingsFactory) 10 gen 2013 16:36:48,379 - RDBMS: MySQL, version: 5.5.28-0ubuntu0.12.10.2
 INFO [main] (SettingsFactory) 10 gen 2013 16:36:48,381 - JDBC driver: MySQL-AB JDBC Driver, version: mysql-connector-java-5.1.8 ( Revision: ${svn.Revision} )
 INFO [main] (Dialect) 10 gen 2013 16:36:48,418 - Using dialect: org.hibernate.dialect.MySQLDialect
 INFO [main] (TransactionFactoryFactory) 10 gen 2013 16:36:48,424 - Using default transaction strategy (direct JDBC transactions)
 INFO [main] (TransactionManagerLookupFactory) 10 gen 2013 16:36:48,427 - No TransactionManagerLookup configured (in JTA environment, use of read-write or transactional second-level cache is not recommended)
 INFO [main] (SettingsFactory) 10 gen 2013 16:36:48,428 - Automatic flush during beforeCompletion(): disabled
 INFO [main] (SettingsFactory) 10 gen 2013 16:36:48,429 - Automatic session close at end of transaction: disabled
 INFO [main] (SettingsFactory) 10 gen 2013 16:36:48,429 - JDBC batch size: 15
 INFO [main] (SettingsFactory) 10 gen 2013 16:36:48,430 - JDBC batch updates for versioned data: disabled
 INFO [main] (SettingsFactory) 10 gen 2013 16:36:48,431 - Scrollable result sets: enabled
 INFO [main] (SettingsFactory) 10 gen 2013 16:36:48,432 - JDBC3 getGeneratedKeys(): enabled
 INFO [main] (SettingsFactory) 10 gen 2013 16:36:48,433 - Connection release mode: auto
 INFO [main] (SettingsFactory) 10 gen 2013 16:36:48,434 - Maximum outer join fetch depth: 2
 INFO [main] (SettingsFactory) 10 gen 2013 16:36:48,435 - Default batch fetch size: 1
 INFO [main] (SettingsFactory) 10 gen 2013 16:36:48,436 - Generate SQL with comments: disabled
 INFO [main] (SettingsFactory) 10 gen 2013 16:36:48,436 - Order SQL updates by primary key: disabled
 INFO [main] (SettingsFactory) 10 gen 2013 16:36:48,437 - Order SQL inserts for batching: disabled
 INFO [main] (SettingsFactory) 10 gen 2013 16:36:48,438 - Query translator: org.hibernate.hql.ast.ASTQueryTranslatorFactory
 INFO [main] (ASTQueryTranslatorFactory) 10 gen 2013 16:36:48,441 - Using ASTQueryTranslatorFactory
 INFO [main] (SettingsFactory) 10 gen 2013 16:36:48,442 - Query language substitutions: {}
 INFO [main] (SettingsFactory) 10 gen 2013 16:36:48,442 - JPA-QL strict compliance: disabled
 INFO [main] (SettingsFactory) 10 gen 2013 16:36:48,443 - Second-level cache: enabled
 INFO [main] (SettingsFactory) 10 gen 2013 16:36:48,444 - Query cache: disabled
 INFO [main] (SettingsFactory) 10 gen 2013 16:36:48,444 - Cache region factory : org.hibernate.cache.impl.NoCachingRegionFactory
 INFO [main] (SettingsFactory) 10 gen 2013 16:36:48,445 - Optimize cache for minimal puts: disabled
 INFO [main] (SettingsFactory) 10 gen 2013 16:36:48,446 - Structured second-level cache entries: disabled
 INFO [main] (SettingsFactory) 10 gen 2013 16:36:48,452 - Statistics: disabled
 INFO [main] (SettingsFactory) 10 gen 2013 16:36:48,453 - Deleted entity synthetic identifier rollback: disabled
 INFO [main] (SettingsFactory) 10 gen 2013 16:36:48,454 - Default entity-mode: pojo
 INFO [main] (SettingsFactory) 10 gen 2013 16:36:48,455 - Named query checking : enabled
 INFO [main] (Version) 10 gen 2013 16:36:48,487 - Hibernate Search 3.0.0.GA
 INFO [main] (SessionFactoryImpl) 10 gen 2013 16:36:48,562 - building session factory
 INFO [main] (SessionFactoryObjectFactory) 10 gen 2013 16:36:48,799 - Not binding factory to JNDI, no JNDI name configured
 INFO [main] (SchemaUpdate) 10 gen 2013 16:36:48,808 - Running hbm2ddl schema update
 INFO [main] (SchemaUpdate) 10 gen 2013 16:36:48,808 - fetching database metadata
 INFO [main] (SchemaUpdate) 10 gen 2013 16:36:48,810 - updating schema
 INFO [main] (TableMetadata) 10 gen 2013 16:36:48,853 - table found: fermate.fermate
 INFO [main] (TableMetadata) 10 gen 2013 16:36:48,855 - columns: [descrizione, idimei, idaut, indirizzo, data, nomefermata]
 INFO [main] (TableMetadata) 10 gen 2013 16:36:48,856 - foreign keys: []
 INFO [main] (TableMetadata) 10 gen 2013 16:36:48,857 - indexes: [primary]
 INFO [main] (TableMetadata) 10 gen 2013 16:36:48,877 - table found: fermate.operatore
 INFO [main] (TableMetadata) 10 gen 2013 16:36:48,878 - columns: [idimei, anagrafica]
 INFO [main] (TableMetadata) 10 gen 2013 16:36:48,879 - foreign keys: []
 INFO [main] (TableMetadata) 10 gen 2013 16:36:48,881 - indexes: [primary]
 INFO [main] (SchemaUpdate) 10 gen 2013 16:36:48,882 - schema update complete
]]></system-out>
  <system-err><![CDATA[SLF4J: Class path contains multiple SLF4J bindings.
SLF4J: Found binding in [jar:file:/archivio/deploy/lib/slf4j1.1/slf4j-log4j12-1.5.8.jar!/org/slf4j/impl/StaticLoggerBinder.class]
SLF4J: Found binding in [jar:file:/archivio/deploy/lib/hibernate/required/slf4j-log4j12-1.5.8.jar!/org/slf4j/impl/StaticLoggerBinder.class]
SLF4J: Found binding in [jar:file:/archivio/deploy/lib/jwebunit/slf4j-log4j12-1.5.0.jar!/org/slf4j/impl/StaticLoggerBinder.class]
SLF4J: See http://www.slf4j.org/codes.html#multiple_bindings for an explanation.
log4j:WARN No appenders could be found for logger (org.hibernate.cfg.annotations.Version).
log4j:WARN Please initialize the log4j system properly.
log4j:ERROR Could not find value for key log4j.appender.report
log4j:ERROR Could not instantiate appender named "report".
]]></system-err>
</testsuite>
