<?xml version="1.0" encoding="UTF-8" ?>
<testsuite errors="0" failures="0" hostname="cart38" name="eu.cartsc.fermate.db.test.OperatoreDAOTest" tests="1" time="1.985" timestamp="2013-01-10T14:46:30">
  <properties>
[...]
</properties>
  <testcase classname="eu.cartsc.fermate.db.test.OperatoreDAOTest" name="testFindAll" time="1.745"></testcase>
  <system-out><![CDATA[ INFO [main] (Configuration) 10 gen 2013 15:46:30,874 - configuring from resource: /eu/cartsc/fermate/db/cfg/hibernate.cfg.xml
 INFO [main] (Configuration) 10 gen 2013 15:46:30,878 - Configuration resource: /eu/cartsc/fermate/db/cfg/hibernate.cfg.xml
 INFO [main] (Configuration) 10 gen 2013 15:46:31,148 - Configured SessionFactory: null
 INFO [main] (ConnectionFactory) 10 gen 2013 15:46:31,151 - il percorso del db è /eu/cartsc/fermate/properties/connessione.properties
 INFO [main] (HibernateSessionFactory) 10 gen 2013 15:46:31,152 - configuration.getProperty('hibernate.connection.url'): jdbc:mysql://cart38:3306/fermate
 INFO [main] (HibernateSessionFactory) 10 gen 2013 15:46:31,153 - configuration.getProperty('hibernate.connection.username'): root
 INFO [main] (HibernateSessionFactory) 10 gen 2013 15:46:31,153 - configuration.getProperty('hibernate.connection.password'): liera
 INFO [main] (HibernateSessionFactory) 10 gen 2013 15:46:31,154 - configuration.getProperty('hibernate.dialect'): org.hibernate.dialect.MySQLDialect
 INFO [main] (HibernateSessionFactory) 10 gen 2013 15:46:31,155 - configuration.getProperty('hibernate.connection.driver_class'): com.mysql.jdbc.Driver
 INFO [main] (AnnotationBinder) 10 gen 2013 15:46:31,261 - Binding entity from annotated class: eu.cartsc.fermate.db.Fermate
 INFO [main] (EntityBinder) 10 gen 2013 15:46:31,303 - Bind entity eu.cartsc.fermate.db.Fermate on table fermate
 INFO [main] (AnnotationBinder) 10 gen 2013 15:46:31,364 - Binding entity from annotated class: eu.cartsc.fermate.db.Operatore
 INFO [main] (EntityBinder) 10 gen 2013 15:46:31,365 - Bind entity eu.cartsc.fermate.db.Operatore on table operatore
 INFO [main] (Version) 10 gen 2013 15:46:31,376 - Hibernate Validator 3.1.0.GA
 INFO [main] (DriverManagerConnectionProvider) 10 gen 2013 15:46:31,461 - Using Hibernate built-in connection pool (not for production use!)
 INFO [main] (DriverManagerConnectionProvider) 10 gen 2013 15:46:31,462 - Hibernate connection pool size: 20
 INFO [main] (DriverManagerConnectionProvider) 10 gen 2013 15:46:31,462 - autocommit mode: false
 INFO [main] (DriverManagerConnectionProvider) 10 gen 2013 15:46:31,471 - using driver: com.mysql.jdbc.Driver at URL: jdbc:mysql://cart38:3306/fermate
 INFO [main] (DriverManagerConnectionProvider) 10 gen 2013 15:46:31,472 - connection properties: {user=root, password=****}
 INFO [main] (SettingsFactory) 10 gen 2013 15:46:31,742 - RDBMS: MySQL, version: 5.5.28-0ubuntu0.12.10.2
 INFO [main] (SettingsFactory) 10 gen 2013 15:46:31,743 - JDBC driver: MySQL-AB JDBC Driver, version: mysql-connector-java-5.1.8 ( Revision: ${svn.Revision} )
 INFO [main] (Dialect) 10 gen 2013 15:46:31,773 - Using dialect: org.hibernate.dialect.MySQLDialect
 INFO [main] (TransactionFactoryFactory) 10 gen 2013 15:46:31,778 - Using default transaction strategy (direct JDBC transactions)
 INFO [main] (TransactionManagerLookupFactory) 10 gen 2013 15:46:31,781 - No TransactionManagerLookup configured (in JTA environment, use of read-write or transactional second-level cache is not recommended)
 INFO [main] (SettingsFactory) 10 gen 2013 15:46:31,782 - Automatic flush during beforeCompletion(): disabled
 INFO [main] (SettingsFactory) 10 gen 2013 15:46:31,782 - Automatic session close at end of transaction: disabled
 INFO [main] (SettingsFactory) 10 gen 2013 15:46:31,783 - JDBC batch size: 15
 INFO [main] (SettingsFactory) 10 gen 2013 15:46:31,783 - JDBC batch updates for versioned data: disabled
 INFO [main] (SettingsFactory) 10 gen 2013 15:46:31,784 - Scrollable result sets: enabled
 INFO [main] (SettingsFactory) 10 gen 2013 15:46:31,785 - JDBC3 getGeneratedKeys(): enabled
 INFO [main] (SettingsFactory) 10 gen 2013 15:46:31,786 - Connection release mode: auto
 INFO [main] (SettingsFactory) 10 gen 2013 15:46:31,787 - Maximum outer join fetch depth: 2
 INFO [main] (SettingsFactory) 10 gen 2013 15:46:31,787 - Default batch fetch size: 1
 INFO [main] (SettingsFactory) 10 gen 2013 15:46:31,788 - Generate SQL with comments: disabled
 INFO [main] (SettingsFactory) 10 gen 2013 15:46:31,788 - Order SQL updates by primary key: disabled
 INFO [main] (SettingsFactory) 10 gen 2013 15:46:31,789 - Order SQL inserts for batching: disabled
 INFO [main] (SettingsFactory) 10 gen 2013 15:46:31,789 - Query translator: org.hibernate.hql.ast.ASTQueryTranslatorFactory
 INFO [main] (ASTQueryTranslatorFactory) 10 gen 2013 15:46:31,792 - Using ASTQueryTranslatorFactory
 INFO [main] (SettingsFactory) 10 gen 2013 15:46:31,793 - Query language substitutions: {}
 INFO [main] (SettingsFactory) 10 gen 2013 15:46:31,793 - JPA-QL strict compliance: disabled
 INFO [main] (SettingsFactory) 10 gen 2013 15:46:31,794 - Second-level cache: enabled
 INFO [main] (SettingsFactory) 10 gen 2013 15:46:31,794 - Query cache: disabled
 INFO [main] (SettingsFactory) 10 gen 2013 15:46:31,795 - Cache region factory : org.hibernate.cache.impl.NoCachingRegionFactory
 INFO [main] (SettingsFactory) 10 gen 2013 15:46:31,795 - Optimize cache for minimal puts: disabled
 INFO [main] (SettingsFactory) 10 gen 2013 15:46:31,796 - Structured second-level cache entries: disabled
 INFO [main] (SettingsFactory) 10 gen 2013 15:46:31,801 - Statistics: disabled
 INFO [main] (SettingsFactory) 10 gen 2013 15:46:31,802 - Deleted entity synthetic identifier rollback: disabled
 INFO [main] (SettingsFactory) 10 gen 2013 15:46:31,802 - Default entity-mode: pojo
 INFO [main] (SettingsFactory) 10 gen 2013 15:46:31,803 - Named query checking : enabled
 INFO [main] (Version) 10 gen 2013 15:46:31,833 - Hibernate Search 3.0.0.GA
 INFO [main] (SessionFactoryImpl) 10 gen 2013 15:46:31,911 - building session factory
 INFO [main] (SessionFactoryObjectFactory) 10 gen 2013 15:46:32,106 - Not binding factory to JNDI, no JNDI name configured
 INFO [main] (SchemaUpdate) 10 gen 2013 15:46:32,112 - Running hbm2ddl schema update
 INFO [main] (SchemaUpdate) 10 gen 2013 15:46:32,113 - fetching database metadata
 INFO [main] (SchemaUpdate) 10 gen 2013 15:46:32,115 - updating schema
 INFO [main] (TableMetadata) 10 gen 2013 15:46:32,151 - table found: fermate.fermate
 INFO [main] (TableMetadata) 10 gen 2013 15:46:32,152 - columns: [descrizione, idimei, idaut, indirizzo, data, nomefermata]
 INFO [main] (TableMetadata) 10 gen 2013 15:46:32,153 - foreign keys: []
 INFO [main] (TableMetadata) 10 gen 2013 15:46:32,154 - indexes: [primary]
 INFO [main] (TableMetadata) 10 gen 2013 15:46:32,174 - table found: fermate.operatore
 INFO [main] (TableMetadata) 10 gen 2013 15:46:32,175 - columns: [idimei, anagrafica]
 INFO [main] (TableMetadata) 10 gen 2013 15:46:32,176 - foreign keys: []
 INFO [main] (TableMetadata) 10 gen 2013 15:46:32,177 - indexes: [primary]
 INFO [main] (SchemaUpdate) 10 gen 2013 15:46:32,178 - schema update complete
]]></system-out>
  <system-err><![CDATA[SLF4J: Class path contains multiple SLF4J bindings.
SLF4J: Found binding in [jar:file:/archivio/deploy/lib/slf4j1.1/slf4j-log4j12-1.5.8.jar!/org/slf4j/impl/StaticLoggerBinder.class]
SLF4J: Found binding in [jar:file:/archivio/deploy/lib/hibernate/required/slf4j-log4j12-1.5.8.jar!/org/slf4j/impl/StaticLoggerBinder.class]
SLF4J: Found binding in [jar:file:/archivio/deploy/lib/jwebunit/slf4j-log4j12-1.5.0.jar!/org/slf4j/impl/StaticLoggerBinder.class]
SLF4J: Found binding in [jar:file:/home/matteo/opt/wspaceJuno/eu.cartsc.fermate.db/lib/slf4j-log4j12-1.5.8.jar!/org/slf4j/impl/StaticLoggerBinder.class]
SLF4J: See http://www.slf4j.org/codes.html#multiple_bindings for an explanation.
log4j:WARN No appenders could be found for logger (eu.cartsc.fermate.db.OperatoreDAO).
log4j:WARN Please initialize the log4j system properly.
log4j:ERROR Could not find value for key log4j.appender.report
log4j:ERROR Could not instantiate appender named "report".
]]></system-err>
</testsuite>
