<?xml version="1.0" encoding="UTF-8" ?>
<testsuites>
  <testsuite errors="0" failures="0" hostname="cart38" id="0" name="FermateDAOTest" package="eu.cartsc.fermate.db.test" tests="2" time="3.101" timestamp="2013-01-10T07:51:45">
      <properties>
[...]
</properties>

      <testcase classname="eu.cartsc.fermate.db.test.FermateDAOTest" name="testFindAll" time="2.726" />

      <testcase classname="eu.cartsc.fermate.db.test.FermateDAOTest" name="testFindByIdimei" time="0.022" />

      <system-out><![CDATA[ INFO [main] (Configuration) 10 gen 2013 08:51:45,811 - configuring from resource: /eu/cartsc/fermate/db/cfg/hibernate.cfg.xml
 INFO [main] (Configuration) 10 gen 2013 08:51:45,816 - Configuration resource: /eu/cartsc/fermate/db/cfg/hibernate.cfg.xml
 INFO [main] (Configuration) 10 gen 2013 08:51:46,187 - Configured SessionFactory: null
 INFO [main] (ConnectionFactory) 10 gen 2013 08:51:46,191 - il percorso del db è /eu/cartsc/fermate/properties/connessione.properties
 INFO [main] (HibernateSessionFactory) 10 gen 2013 08:51:46,191 - configuration.getProperty('hibernate.connection.url'): jdbc:mysql://localhost:3306/fermate
 INFO [main] (HibernateSessionFactory) 10 gen 2013 08:51:46,192 - configuration.getProperty('hibernate.connection.username'): root
 INFO [main] (HibernateSessionFactory) 10 gen 2013 08:51:46,193 - configuration.getProperty('hibernate.connection.password'): liera
 INFO [main] (HibernateSessionFactory) 10 gen 2013 08:51:46,193 - configuration.getProperty('hibernate.dialect'): org.hibernate.dialect.MySQLDialect
 INFO [main] (HibernateSessionFactory) 10 gen 2013 08:51:46,194 - configuration.getProperty('hibernate.connection.driver_class'): com.mysql.jdbc.Driver
 INFO [main] (AnnotationBinder) 10 gen 2013 08:51:46,330 - Binding entity from annotated class: eu.cartsc.fermate.db.Fermate
 INFO [main] (EntityBinder) 10 gen 2013 08:51:46,374 - Bind entity eu.cartsc.fermate.db.Fermate on table fermate
 INFO [main] (AnnotationBinder) 10 gen 2013 08:51:46,436 - Binding entity from annotated class: eu.cartsc.fermate.db.Operatore
 INFO [main] (EntityBinder) 10 gen 2013 08:51:46,438 - Bind entity eu.cartsc.fermate.db.Operatore on table operatore
 INFO [main] (Version) 10 gen 2013 08:51:46,447 - Hibernate Validator 3.1.0.GA
 INFO [main] (DriverManagerConnectionProvider) 10 gen 2013 08:51:46,532 - Using Hibernate built-in connection pool (not for production use!)
 INFO [main] (DriverManagerConnectionProvider) 10 gen 2013 08:51:46,533 - Hibernate connection pool size: 20
 INFO [main] (DriverManagerConnectionProvider) 10 gen 2013 08:51:46,534 - autocommit mode: false
 INFO [main] (DriverManagerConnectionProvider) 10 gen 2013 08:51:46,581 - using driver: com.mysql.jdbc.Driver at URL: jdbc:mysql://localhost:3306/fermate
 INFO [main] (DriverManagerConnectionProvider) 10 gen 2013 08:51:46,582 - connection properties: {user=root, password=****}
 INFO [main] (SettingsFactory) 10 gen 2013 08:51:47,037 - RDBMS: MySQL, version: 5.5.28-0ubuntu0.12.10.2
 INFO [main] (SettingsFactory) 10 gen 2013 08:51:47,038 - JDBC driver: MySQL-AB JDBC Driver, version: mysql-connector-java-5.1.8 ( Revision: ${svn.Revision} )
 INFO [main] (Dialect) 10 gen 2013 08:51:47,088 - Using dialect: org.hibernate.dialect.MySQLDialect
 INFO [main] (TransactionFactoryFactory) 10 gen 2013 08:51:47,095 - Using default transaction strategy (direct JDBC transactions)
 INFO [main] (TransactionManagerLookupFactory) 10 gen 2013 08:51:47,097 - No TransactionManagerLookup configured (in JTA environment, use of read-write or transactional second-level cache is not recommended)
 INFO [main] (SettingsFactory) 10 gen 2013 08:51:47,098 - Automatic flush during beforeCompletion(): disabled
 INFO [main] (SettingsFactory) 10 gen 2013 08:51:47,098 - Automatic session close at end of transaction: disabled
 INFO [main] (SettingsFactory) 10 gen 2013 08:51:47,099 - JDBC batch size: 15
 INFO [main] (SettingsFactory) 10 gen 2013 08:51:47,100 - JDBC batch updates for versioned data: disabled
 INFO [main] (SettingsFactory) 10 gen 2013 08:51:47,101 - Scrollable result sets: enabled
 INFO [main] (SettingsFactory) 10 gen 2013 08:51:47,101 - JDBC3 getGeneratedKeys(): enabled
 INFO [main] (SettingsFactory) 10 gen 2013 08:51:47,102 - Connection release mode: auto
 INFO [main] (SettingsFactory) 10 gen 2013 08:51:47,103 - Maximum outer join fetch depth: 2
 INFO [main] (SettingsFactory) 10 gen 2013 08:51:47,104 - Default batch fetch size: 1
 INFO [main] (SettingsFactory) 10 gen 2013 08:51:47,104 - Generate SQL with comments: disabled
 INFO [main] (SettingsFactory) 10 gen 2013 08:51:47,105 - Order SQL updates by primary key: disabled
 INFO [main] (SettingsFactory) 10 gen 2013 08:51:47,106 - Order SQL inserts for batching: disabled
 INFO [main] (SettingsFactory) 10 gen 2013 08:51:47,106 - Query translator: org.hibernate.hql.ast.ASTQueryTranslatorFactory
 INFO [main] (ASTQueryTranslatorFactory) 10 gen 2013 08:51:47,109 - Using ASTQueryTranslatorFactory
 INFO [main] (SettingsFactory) 10 gen 2013 08:51:47,110 - Query language substitutions: {}
 INFO [main] (SettingsFactory) 10 gen 2013 08:51:47,110 - JPA-QL strict compliance: disabled
 INFO [main] (SettingsFactory) 10 gen 2013 08:51:47,111 - Second-level cache: enabled
 INFO [main] (SettingsFactory) 10 gen 2013 08:51:47,111 - Query cache: disabled
 INFO [main] (SettingsFactory) 10 gen 2013 08:51:47,112 - Cache region factory : org.hibernate.cache.impl.NoCachingRegionFactory
 INFO [main] (SettingsFactory) 10 gen 2013 08:51:47,112 - Optimize cache for minimal puts: disabled
 INFO [main] (SettingsFactory) 10 gen 2013 08:51:47,113 - Structured second-level cache entries: disabled
 INFO [main] (SettingsFactory) 10 gen 2013 08:51:47,125 - Statistics: disabled
 INFO [main] (SettingsFactory) 10 gen 2013 08:51:47,126 - Deleted entity synthetic identifier rollback: disabled
 INFO [main] (SettingsFactory) 10 gen 2013 08:51:47,126 - Default entity-mode: pojo
 INFO [main] (SettingsFactory) 10 gen 2013 08:51:47,127 - Named query checking : enabled
 INFO [main] (Version) 10 gen 2013 08:51:47,259 - Hibernate Search 3.0.0.GA
 INFO [main] (SessionFactoryImpl) 10 gen 2013 08:51:47,417 - building session factory
 INFO [main] (SessionFactoryObjectFactory) 10 gen 2013 08:51:47,731 - Not binding factory to JNDI, no JNDI name configured
]]></system-out>

      <system-err><![CDATA[SLF4J: Class path contains multiple SLF4J bindings.
SLF4J: Found binding in [jar:file:/archivio/deploy/lib/hibernate/required/slf4j-log4j12-1.5.8.jar!/org/slf4j/impl/StaticLoggerBinder.class]
SLF4J: Found binding in [jar:file:/archivio/deploy/lib/jwebunit/slf4j-log4j12-1.5.0.jar!/org/slf4j/impl/StaticLoggerBinder.class]
SLF4J: Found binding in [jar:file:/home/matteo/opt/wspaceJuno/eu.cartsc.fermate.db/lib/slf4j-log4j12-1.5.8.jar!/org/slf4j/impl/StaticLoggerBinder.class]
SLF4J: See http://www.slf4j.org/codes.html#multiple_bindings for an explanation.
log4j:WARN No appenders could be found for logger (eu.cartsc.fermate.db.FermateDAO).
log4j:WARN Please initialize the log4j system properly.
log4j:ERROR Could not find value for key log4j.appender.report
log4j:ERROR Could not instantiate appender named "report".
]]></system-err>

  </testsuite>
  <testsuite errors="0" failures="0" hostname="cart38" id="1" name="OperatoreDAOTest" package="eu.cartsc.fermate.db.test" tests="1" time="1.956" timestamp="2013-01-10T07:51:49">
      <properties>
[...]
</properties>

      <testcase classname="eu.cartsc.fermate.db.test.OperatoreDAOTest" name="testFindAll" time="1.709" />

      <system-out><![CDATA[ INFO [main] (Configuration) 10 gen 2013 08:51:50,158 - configuring from resource: /eu/cartsc/fermate/db/cfg/hibernate.cfg.xml
 INFO [main] (Configuration) 10 gen 2013 08:51:50,162 - Configuration resource: /eu/cartsc/fermate/db/cfg/hibernate.cfg.xml
 INFO [main] (Configuration) 10 gen 2013 08:51:50,425 - Configured SessionFactory: null
 INFO [main] (ConnectionFactory) 10 gen 2013 08:51:50,428 - il percorso del db è /eu/cartsc/fermate/properties/connessione.properties
 INFO [main] (HibernateSessionFactory) 10 gen 2013 08:51:50,429 - configuration.getProperty('hibernate.connection.url'): jdbc:mysql://localhost:3306/fermate
 INFO [main] (HibernateSessionFactory) 10 gen 2013 08:51:50,430 - configuration.getProperty('hibernate.connection.username'): root
 INFO [main] (HibernateSessionFactory) 10 gen 2013 08:51:50,431 - configuration.getProperty('hibernate.connection.password'): liera
 INFO [main] (HibernateSessionFactory) 10 gen 2013 08:51:50,431 - configuration.getProperty('hibernate.dialect'): org.hibernate.dialect.MySQLDialect
 INFO [main] (HibernateSessionFactory) 10 gen 2013 08:51:50,432 - configuration.getProperty('hibernate.connection.driver_class'): com.mysql.jdbc.Driver
 INFO [main] (AnnotationBinder) 10 gen 2013 08:51:50,538 - Binding entity from annotated class: eu.cartsc.fermate.db.Fermate
 INFO [main] (EntityBinder) 10 gen 2013 08:51:50,579 - Bind entity eu.cartsc.fermate.db.Fermate on table fermate
 INFO [main] (AnnotationBinder) 10 gen 2013 08:51:50,640 - Binding entity from annotated class: eu.cartsc.fermate.db.Operatore
 INFO [main] (EntityBinder) 10 gen 2013 08:51:50,641 - Bind entity eu.cartsc.fermate.db.Operatore on table operatore
 INFO [main] (Version) 10 gen 2013 08:51:50,650 - Hibernate Validator 3.1.0.GA
 INFO [main] (DriverManagerConnectionProvider) 10 gen 2013 08:51:50,733 - Using Hibernate built-in connection pool (not for production use!)
 INFO [main] (DriverManagerConnectionProvider) 10 gen 2013 08:51:50,733 - Hibernate connection pool size: 20
 INFO [main] (DriverManagerConnectionProvider) 10 gen 2013 08:51:50,734 - autocommit mode: false
 INFO [main] (DriverManagerConnectionProvider) 10 gen 2013 08:51:50,743 - using driver: com.mysql.jdbc.Driver at URL: jdbc:mysql://localhost:3306/fermate
 INFO [main] (DriverManagerConnectionProvider) 10 gen 2013 08:51:50,743 - connection properties: {user=root, password=****}
 INFO [main] (SettingsFactory) 10 gen 2013 08:51:51,016 - RDBMS: MySQL, version: 5.5.28-0ubuntu0.12.10.2
 INFO [main] (SettingsFactory) 10 gen 2013 08:51:51,017 - JDBC driver: MySQL-AB JDBC Driver, version: mysql-connector-java-5.1.8 ( Revision: ${svn.Revision} )
 INFO [main] (Dialect) 10 gen 2013 08:51:51,046 - Using dialect: org.hibernate.dialect.MySQLDialect
 INFO [main] (TransactionFactoryFactory) 10 gen 2013 08:51:51,052 - Using default transaction strategy (direct JDBC transactions)
 INFO [main] (TransactionManagerLookupFactory) 10 gen 2013 08:51:51,055 - No TransactionManagerLookup configured (in JTA environment, use of read-write or transactional second-level cache is not recommended)
 INFO [main] (SettingsFactory) 10 gen 2013 08:51:51,055 - Automatic flush during beforeCompletion(): disabled
 INFO [main] (SettingsFactory) 10 gen 2013 08:51:51,056 - Automatic session close at end of transaction: disabled
 INFO [main] (SettingsFactory) 10 gen 2013 08:51:51,057 - JDBC batch size: 15
 INFO [main] (SettingsFactory) 10 gen 2013 08:51:51,057 - JDBC batch updates for versioned data: disabled
 INFO [main] (SettingsFactory) 10 gen 2013 08:51:51,058 - Scrollable result sets: enabled
 INFO [main] (SettingsFactory) 10 gen 2013 08:51:51,059 - JDBC3 getGeneratedKeys(): enabled
 INFO [main] (SettingsFactory) 10 gen 2013 08:51:51,059 - Connection release mode: auto
 INFO [main] (SettingsFactory) 10 gen 2013 08:51:51,061 - Maximum outer join fetch depth: 2
 INFO [main] (SettingsFactory) 10 gen 2013 08:51:51,061 - Default batch fetch size: 1
 INFO [main] (SettingsFactory) 10 gen 2013 08:51:51,062 - Generate SQL with comments: disabled
 INFO [main] (SettingsFactory) 10 gen 2013 08:51:51,062 - Order SQL updates by primary key: disabled
 INFO [main] (SettingsFactory) 10 gen 2013 08:51:51,063 - Order SQL inserts for batching: disabled
 INFO [main] (SettingsFactory) 10 gen 2013 08:51:51,063 - Query translator: org.hibernate.hql.ast.ASTQueryTranslatorFactory
 INFO [main] (ASTQueryTranslatorFactory) 10 gen 2013 08:51:51,066 - Using ASTQueryTranslatorFactory
 INFO [main] (SettingsFactory) 10 gen 2013 08:51:51,067 - Query language substitutions: {}
 INFO [main] (SettingsFactory) 10 gen 2013 08:51:51,067 - JPA-QL strict compliance: disabled
 INFO [main] (SettingsFactory) 10 gen 2013 08:51:51,068 - Second-level cache: enabled
 INFO [main] (SettingsFactory) 10 gen 2013 08:51:51,068 - Query cache: disabled
 INFO [main] (SettingsFactory) 10 gen 2013 08:51:51,069 - Cache region factory : org.hibernate.cache.impl.NoCachingRegionFactory
 INFO [main] (SettingsFactory) 10 gen 2013 08:51:51,070 - Optimize cache for minimal puts: disabled
 INFO [main] (SettingsFactory) 10 gen 2013 08:51:51,070 - Structured second-level cache entries: disabled
 INFO [main] (SettingsFactory) 10 gen 2013 08:51:51,087 - Statistics: disabled
 INFO [main] (SettingsFactory) 10 gen 2013 08:51:51,087 - Deleted entity synthetic identifier rollback: disabled
 INFO [main] (SettingsFactory) 10 gen 2013 08:51:51,088 - Default entity-mode: pojo
 INFO [main] (SettingsFactory) 10 gen 2013 08:51:51,089 - Named query checking : enabled
 INFO [main] (Version) 10 gen 2013 08:51:51,120 - Hibernate Search 3.0.0.GA
 INFO [main] (SessionFactoryImpl) 10 gen 2013 08:51:51,184 - building session factory
 INFO [main] (SessionFactoryObjectFactory) 10 gen 2013 08:51:51,400 - Not binding factory to JNDI, no JNDI name configured
]]></system-out>

      <system-err><![CDATA[SLF4J: Class path contains multiple SLF4J bindings.
SLF4J: Found binding in [jar:file:/archivio/deploy/lib/hibernate/required/slf4j-log4j12-1.5.8.jar!/org/slf4j/impl/StaticLoggerBinder.class]
SLF4J: Found binding in [jar:file:/archivio/deploy/lib/jwebunit/slf4j-log4j12-1.5.0.jar!/org/slf4j/impl/StaticLoggerBinder.class]
SLF4J: Found binding in [jar:file:/home/matteo/opt/wspaceJuno/eu.cartsc.fermate.db/lib/slf4j-log4j12-1.5.8.jar!/org/slf4j/impl/StaticLoggerBinder.class]
SLF4J: See http://www.slf4j.org/codes.html#multiple_bindings for an explanation.
log4j:WARN No appenders could be found for logger (eu.cartsc.fermate.db.OperatoreDAO).
log4j:WARN Please initialize the log4j system properly.
log4j:ERROR Could not find value for key log4j.appender.report
log4j:ERROR Could not instantiate appender named "report".
]]></system-err>

  </testsuite>
</testsuites>
